Determining if the pthread_create exist failed with the following output:
Change Dir: /home/utsavshah/finalProject/build/CMakeFiles/CMakeTmp

Run Build Command:"/usr/bin/make" "cmTC_fa030/fast"
/usr/bin/make -f CMakeFiles/cmTC_fa030.dir/build.make CMakeFiles/cmTC_fa030.dir/build
make[1]: Entering directory '/home/utsavshah/finalProject/build/CMakeFiles/CMakeTmp'
Building C object CMakeFiles/cmTC_fa030.dir/CheckSymbolExists.c.o
/usr/bin/cc     -o CMakeFiles/cmTC_fa030.dir/CheckSymbolExists.c.o   -c /home/utsavshah/finalProject/build/CMakeFiles/CMakeTmp/CheckSymbolExists.c
Linking C executable cmTC_fa030
/usr/bin/cmake -E cmake_link_script CMakeFiles/cmTC_fa030.dir/link.txt --verbose=1
/usr/bin/cc       CMakeFiles/cmTC_fa030.dir/CheckSymbolExists.c.o  -o cmTC_fa030 -rdynamic 
CMakeFiles/cmTC_fa030.dir/CheckSymbolExists.c.o: In function `main':
CheckSymbolExists.c:(.text+0x16): undefined reference to `pthread_create'
collect2: error: ld returned 1 exit status
CMakeFiles/cmTC_fa030.dir/build.make:97: recipe for target 'cmTC_fa030' failed
make[1]: *** [cmTC_fa030] Error 1
make[1]: Leaving directory '/home/utsavshah/finalProject/build/CMakeFiles/CMakeTmp'
Makefile:126: recipe for target 'cmTC_fa030/fast' failed
make: *** [cmTC_fa030/fast] Error 2

File /home/utsavshah/finalProject/build/CMakeFiles/CMakeTmp/CheckSymbolExists.c:
/* */
#include <pthread.h>

int main(int argc, char** argv)
{
  (void)argv;
#ifndef pthread_create
  return ((int*)(&pthread_create))[argc];
#else
  (void)argc;
  return 0;
#endif
}

Determining if the function pthread_create exists in the pthreads failed with the following output:
Change Dir: /home/utsavshah/finalProject/build/CMakeFiles/CMakeTmp

Run Build Command:"/usr/bin/make" "cmTC_8fad8/fast"
/usr/bin/make -f CMakeFiles/cmTC_8fad8.dir/build.make CMakeFiles/cmTC_8fad8.dir/build
make[1]: Entering directory '/home/utsavshah/finalProject/build/CMakeFiles/CMakeTmp'
Building C object CMakeFiles/cmTC_8fad8.dir/CheckFunctionExists.c.o
/usr/bin/cc    -DCHECK_FUNCTION_EXISTS=pthread_create   -o CMakeFiles/cmTC_8fad8.dir/CheckFunctionExists.c.o   -c /usr/share/cmake-3.5/Modules/CheckFunctionExists.c
Linking C executable cmTC_8fad8
/usr/bin/cmake -E cmake_link_script CMakeFiles/cmTC_8fad8.dir/link.txt --verbose=1
/usr/bin/cc   -DCHECK_FUNCTION_EXISTS=pthread_create    CMakeFiles/cmTC_8fad8.dir/CheckFunctionExists.c.o  -o cmTC_8fad8 -rdynamic -lpthreads 
/usr/bin/ld: cannot find -lpthreads
collect2: error: ld returned 1 exit status
CMakeFiles/cmTC_8fad8.dir/build.make:97: recipe for target 'cmTC_8fad8' failed
make[1]: *** [cmTC_8fad8] Error 1
make[1]: Leaving directory '/home/utsavshah/finalProject/build/CMakeFiles/CMakeTmp'
Makefile:126: recipe for target 'cmTC_8fad8/fast' failed
make: *** [cmTC_8fad8/fast] Error 2


